[32m2025-02-11 16:28:27 +0700[0m - dagster - [34mDEBUG[0m - __ASSET_JOB - c4f99538-1c8f-4659-ab43-b07b56fb6e35 - 40655 - LOGS_CAPTURED - Started capturing logs in process (pid: 40655).
[32m2025-02-11 16:28:27 +0700[0m - dagster - [34mDEBUG[0m - __ASSET_JOB - c4f99538-1c8f-4659-ab43-b07b56fb6e35 - 40655 - run_dbt - STEP_START - Started execution of step "run_dbt".
[32m2025-02-11 16:28:30 +0700[0m - dagster - [34mDEBUG[0m - __ASSET_JOB - c4f99538-1c8f-4659-ab43-b07b56fb6e35 - 40655 - run_dbt - LOADED_INPUT - Loaded input "customers" using input manager "psql_io_manager", from output "result" of step "brazillian_ecommerce__bronze__bronze_olist_customers_dataset"
[32m2025-02-11 16:28:30 +0700[0m - dagster - [34mDEBUG[0m - __ASSET_JOB - c4f99538-1c8f-4659-ab43-b07b56fb6e35 - 40655 - run_dbt - LOADED_INPUT - Loaded input "order_items" using input manager "psql_io_manager", from output "result" of step "brazillian_ecommerce__bronze__bronze_olist_order_items_dataset"
[32m2025-02-11 16:28:31 +0700[0m - dagster - [34mDEBUG[0m - __ASSET_JOB - c4f99538-1c8f-4659-ab43-b07b56fb6e35 - 40655 - run_dbt - LOADED_INPUT - Loaded input "order_payments" using input manager "psql_io_manager", from output "result" of step "brazillian_ecommerce__bronze__bronze_olist_order_payments_dataset"
[32m2025-02-11 16:28:31 +0700[0m - dagster - [34mDEBUG[0m - __ASSET_JOB - c4f99538-1c8f-4659-ab43-b07b56fb6e35 - 40655 - run_dbt - LOADED_INPUT - Loaded input "order_reviews" using input manager "psql_io_manager", from output "result" of step "brazillian_ecommerce__bronze__bronze_olist_order_reviews_dataset"
[32m2025-02-11 16:28:32 +0700[0m - dagster - [34mDEBUG[0m - __ASSET_JOB - c4f99538-1c8f-4659-ab43-b07b56fb6e35 - 40655 - run_dbt - LOADED_INPUT - Loaded input "orders" using input manager "psql_io_manager", from output "result" of step "brazillian_ecommerce__bronze__bronze_olist_orders_dataset"
[32m2025-02-11 16:28:32 +0700[0m - dagster - [34mDEBUG[0m - __ASSET_JOB - c4f99538-1c8f-4659-ab43-b07b56fb6e35 - 40655 - run_dbt - LOADED_INPUT - Loaded input "products" using input manager "psql_io_manager", from output "result" of step "brazillian_ecommerce__bronze__bronze_olist_products_dataset"
[32m2025-02-11 16:28:33 +0700[0m - dagster - [34mDEBUG[0m - __ASSET_JOB - c4f99538-1c8f-4659-ab43-b07b56fb6e35 - 40655 - run_dbt - LOADED_INPUT - Loaded input "sellers" using input manager "psql_io_manager", from output "result" of step "brazillian_ecommerce__bronze__bronze_olist_sellers_dataset"
[32m2025-02-11 16:28:33 +0700[0m - dagster - [34mDEBUG[0m - __ASSET_JOB - c4f99538-1c8f-4659-ab43-b07b56fb6e35 - 40655 - run_dbt - LOADED_INPUT - Loaded input "translation" using input manager "psql_io_manager", from output "result" of step "brazillian_ecommerce__bronze__bronze_product_category_name_translation"
[32m2025-02-11 16:28:33 +0700[0m - dagster - [34mDEBUG[0m - __ASSET_JOB - c4f99538-1c8f-4659-ab43-b07b56fb6e35 - 40655 - run_dbt - STEP_INPUT - Got input "customers" of type "Any". (Type check passed).
[32m2025-02-11 16:28:33 +0700[0m - dagster - [34mDEBUG[0m - __ASSET_JOB - c4f99538-1c8f-4659-ab43-b07b56fb6e35 - 40655 - run_dbt - STEP_INPUT - Got input "order_items" of type "Any". (Type check passed).
[32m2025-02-11 16:28:34 +0700[0m - dagster - [34mDEBUG[0m - __ASSET_JOB - c4f99538-1c8f-4659-ab43-b07b56fb6e35 - 40655 - run_dbt - STEP_INPUT - Got input "order_payments" of type "Any". (Type check passed).
[32m2025-02-11 16:28:34 +0700[0m - dagster - [34mDEBUG[0m - __ASSET_JOB - c4f99538-1c8f-4659-ab43-b07b56fb6e35 - 40655 - run_dbt - STEP_INPUT - Got input "order_reviews" of type "Any". (Type check passed).
[32m2025-02-11 16:28:34 +0700[0m - dagster - [34mDEBUG[0m - __ASSET_JOB - c4f99538-1c8f-4659-ab43-b07b56fb6e35 - 40655 - run_dbt - STEP_INPUT - Got input "orders" of type "Any". (Type check passed).
[32m2025-02-11 16:28:35 +0700[0m - dagster - [34mDEBUG[0m - __ASSET_JOB - c4f99538-1c8f-4659-ab43-b07b56fb6e35 - 40655 - run_dbt - STEP_INPUT - Got input "products" of type "Any". (Type check passed).
[32m2025-02-11 16:28:35 +0700[0m - dagster - [34mDEBUG[0m - __ASSET_JOB - c4f99538-1c8f-4659-ab43-b07b56fb6e35 - 40655 - run_dbt - STEP_INPUT - Got input "sellers" of type "Any". (Type check passed).
[32m2025-02-11 16:28:35 +0700[0m - dagster - [34mDEBUG[0m - __ASSET_JOB - c4f99538-1c8f-4659-ab43-b07b56fb6e35 - 40655 - run_dbt - STEP_INPUT - Got input "translation" of type "Any". (Type check passed).
[32m2025-02-11 16:28:36 +0700[0m - dagster - [34mINFO[0m - __ASSET_JOB - c4f99538-1c8f-4659-ab43-b07b56fb6e35 - run_dbt - Changing working directory to /mnt/d/brazillian_ecommerce_de/brazillian_ecommerce_dbt
[32m2025-02-11 16:28:36 +0700[0m - dagster - [34mINFO[0m - __ASSET_JOB - c4f99538-1c8f-4659-ab43-b07b56fb6e35 - run_dbt - Running 'dbt run' command...
[32m2025-02-11 16:29:08 +0700[0m - dagster - [34mINFO[0m - __ASSET_JOB - c4f99538-1c8f-4659-ab43-b07b56fb6e35 - run_dbt - dbt run output: [0m09:28:46  Running with dbt=1.9.1
[0m09:28:47  Registered adapter: postgres=1.9.0
[0m09:28:58  Found 14 models, 48 data tests, 8 sources, 547 macros
[0m09:28:58  
[0m09:28:58  Concurrency: 1 threads (target='dev')
[0m09:28:58  
[0m09:29:01  1 of 14 START sql table model bronze_silver.silver_olist_customers_dataset ..... [RUN]
[0m09:29:01  1 of 14 OK created sql table model bronze_silver.silver_olist_customers_dataset  [[32mSELECT 99441[0m in 0.29s]
[0m09:29:01  2 of 14 START sql table model bronze_silver.silver_olist_order_items_dataset ... [RUN]
[0m09:29:01  2 of 14 OK created sql table model bronze_silver.silver_olist_order_items_dataset  [[32mSELECT 111032[0m in 0.41s]
[0m09:29:01  3 of 14 START sql table model bronze_silver.silver_olist_order_payments_dataset  [RUN]
[0m09:29:02  3 of 14 OK created sql table model bronze_silver.silver_olist_order_payments_dataset  [[32mSELECT 103886[0m in 0.29s]
[0m09:29:02  4 of 14 START sql table model bronze_silver.silver_olist_order_reviews_dataset . [RUN]
[0m09:29:02  4 of 14 OK created sql table model bronze_silver.silver_olist_order_reviews_dataset  [[32mSELECT 37674[0m in 0.15s]
[0m09:29:02  5 of 14 START sql table model bronze_silver.silver_olist_orders_dataset ........ [RUN]
[0m09:29:02  5 of 14 OK created sql table model bronze_silver.silver_olist_orders_dataset ... [[32mSELECT 99441[0m in 0.38s]
[0m09:29:02  6 of 14 START sql table model bronze_silver.silver_olist_products_dataset ...... [RUN]
[0m09:29:02  6 of 14 OK created sql table model bronze_silver.silver_olist_products_dataset . [[32mSELECT 32331[0m in 0.15s]
[0m09:29:02  7 of 14 START sql table model bronze_silver.silver_olist_sellers_dataset ....... [RUN]
[0m09:29:02  7 of 14 OK created sql table model bronze_silver.silver_olist_sellers_dataset .. [[32mSELECT 3095[0m in 0.08s]
[0m09:29:02  8 of 14 START sql table model bronze_silver.silver_product_category_name_translation  [RUN]
[0m09:29:03  8 of 14 OK created sql table model bronze_silver.silver_product_category_name_translation  [[32mSELECT 72[0m in 0.07s]
[0m09:29:03  9 of 14 START sql table model bronze_gold.dim_customer ......................... [RUN]
[0m09:29:03  9 of 14 OK created sql table model bronze_gold.dim_customer .................... [[32mSELECT 99441[0m in 0.25s]
[0m09:29:03  10 of 14 START sql table model bronze_gold.dim_payment ......................... [RUN]
[0m09:29:03  10 of 14 OK created sql table model bronze_gold.dim_payment .................... [[32mSELECT 5[0m in 0.09s]
[0m09:29:03  11 of 14 START sql table model bronze_gold.dim_time ............................ [RUN]
[0m09:29:04  11 of 14 OK created sql table model bronze_gold.dim_time ....................... [[32mSELECT 363329[0m in 1.22s]
[0m09:29:04  12 of 14 START sql table model bronze_gold.fact_orders ......................... [RUN]
[0m09:29:06  12 of 14 OK created sql table model bronze_gold.fact_orders .................... [[32mSELECT 116063[0m in 1.67s]
[0m09:29:06  13 of 14 START sql table model bronze_gold.dim_seller .......................... [RUN]
[0m09:29:06  13 of 14 OK created sql table model bronze_gold.dim_seller ..................... [[32mSELECT 3095[0m in 0.08s]
[0m09:29:06  14 of 14 START sql table model bronze_gold.dim_product ......................... [RUN]
[0m09:29:06  14 of 14 OK created sql table model bronze_gold.dim_product .................... [[32mSELECT 32331[0m in 0.17s]
[0m09:29:06  
[0m09:29:06  Finished running 14 table models in 0 hours 0 minutes and 8.17 seconds (8.17s).
[0m09:29:06  
[0m09:29:06  [32mCompleted successfully[0m
[0m09:29:06  
[0m09:29:06  Done. PASS=14 WARN=0 ERROR=0 SKIP=0 TOTAL=14

[32m2025-02-11 16:29:09 +0700[0m - dagster - [34mDEBUG[0m - __ASSET_JOB - c4f99538-1c8f-4659-ab43-b07b56fb6e35 - 40655 - run_dbt - STEP_OUTPUT - Yielded output "result" of type "String". (Type check passed).
[32m2025-02-11 16:29:09 +0700[0m - dagster - [34mDEBUG[0m - __ASSET_JOB - c4f99538-1c8f-4659-ab43-b07b56fb6e35 - run_dbt - Writing file at: /mnt/d/brazillian_ecommerce_de/tmpg_74jd01/storage/run_dbt using PickledObjectFilesystemIOManager...
[32m2025-02-11 16:29:10 +0700[0m - dagster - [34mDEBUG[0m - __ASSET_JOB - c4f99538-1c8f-4659-ab43-b07b56fb6e35 - 40655 - run_dbt - ASSET_MATERIALIZATION - Materialized value run_dbt.
[32m2025-02-11 16:29:10 +0700[0m - dagster - [34mDEBUG[0m - __ASSET_JOB - c4f99538-1c8f-4659-ab43-b07b56fb6e35 - 40655 - run_dbt - HANDLED_OUTPUT - Handled output "result" using IO manager "io_manager"
[32m2025-02-11 16:29:10 +0700[0m - dagster - [34mDEBUG[0m - __ASSET_JOB - c4f99538-1c8f-4659-ab43-b07b56fb6e35 - 40655 - run_dbt - STEP_SUCCESS - Finished execution of step "run_dbt" in 42.99s.
